#-----------------------------------------------------------
# Vivado v2016.3 (64-bit)
# SW Build 1682563 on Mon Oct 10 19:07:27 MDT 2016
# IP Build 1681267 on Mon Oct 10 21:28:31 MDT 2016
# Start of session at: Sat Nov 11 20:55:14 2017
# Process ID: 14184
# Current directory: C:/Users/Umay/Desktop/Bilkent/2nd Year/2nd Year 1st Semester (January 2017 - May 2017)/EEE102/Project/Pong
# Command line: vivado.exe -gui_launcher_event rodinguilauncherevent9708 C:\Users\Umay\Desktop\Bilkent\2nd Year\2nd Year 1st Semester (January 2017 - May 2017)\EEE102\Project\Pong\project_1.xpr
# Log file: C:/Users/Umay/Desktop/Bilkent/2nd Year/2nd Year 1st Semester (January 2017 - May 2017)/EEE102/Project/Pong/vivado.log
# Journal file: C:/Users/Umay/Desktop/Bilkent/2nd Year/2nd Year 1st Semester (January 2017 - May 2017)/EEE102/Project/Pong\vivado.jou
#-----------------------------------------------------------
start_gui
open_project {C:/Users/Umay/Desktop/Bilkent/2nd Year/2nd Year 1st Semester (January 2017 - May 2017)/EEE102/Project/Pong/project_1.xpr}
INFO: [ProjectBase 1-489] The host OS only allows 260 characters in a normal path. The project is stored in a path with more than 80 characters. If you experience issues with IP, Block Designs, or files not being found, please consider moving the project to a location with a shorter path. Alternately consider using the OS subst command to map part of the path to a drive letter.
Current project path is 'C:/Users/Umay/Desktop/Bilkent/2nd Year/2nd Year 1st Semester (January 2017 - May 2017)/EEE102/Project/Pong'
INFO: [Project 1-313] Project file moved from 'C:/Users/Umay/Desktop/Pong' since last save.
Scanning sources...
Finished scanning sources
WARNING: [filemgmt 56-2] IP Output Repository Path: Could not find the directory 'C:/Users/Umay/Desktop/Bilkent/2nd Year/2nd Year 1st Semester (January 2017 - May 2017)/EEE102/Project/Pong/project_1.cache/ip', nor could it be found using path 'C:/Users/Umay/Desktop/Pong/project_1.cache/ip'.
INFO: [IP_Flow 19-234] Refreshing IP repositories
INFO: [IP_Flow 19-1704] No user IP repositories specified
INFO: [IP_Flow 19-2313] Loaded Vivado IP repository 'C:/Xilinx/Vivado/2016.3/data/ip'.
open_project: Time (s): cpu = 00:00:12 ; elapsed = 00:00:07 . Memory (MB): peak = 781.469 ; gain = 121.129
exit
INFO: [Common 17-206] Exiting Vivado at Sat Nov 11 20:58:32 2017...
